TN:
SF:src\app\App.tsx
FN:3,App
FN:14,Dashboard
FNF:2
FNH:2
FNDA:3,App
FNDA:3,Dashboard
DA:1,1
DA:3,3
DA:4,3
DA:5,3
DA:6,3
DA:7,3
DA:8,3
DA:9,3
DA:10,3
DA:12,3
DA:14,3
DA:15,3
DA:16,3
DA:17,3
DA:18,3
DA:19,3
DA:21,3
LF:17
LH:17
BRDA:3,0,0,3
BRDA:14,1,0,3
BRF:2
BRH:2
end_of_record
TN:
SF:src\app\ai\ChatPanel.tsx
FN:8,ChatPanel
FNF:1
FNH:1
FNDA:3,ChatPanel
DA:1,1
DA:2,1
DA:8,1
DA:9,3
DA:10,3
DA:11,3
DA:12,3
DA:13,3
DA:14,3
DA:15,3
DA:16,3
DA:18,3
LF:12
LH:12
BRDA:8,0,0,3
BRF:1
BRH:1
end_of_record
TN:
SF:src\app\ai\CopilotProvider.tsx
FN:11,CopilotProvider
FNF:1
FNH:1
FNDA:2,CopilotProvider
DA:1,1
DA:9,1
DA:11,1
DA:12,2
DA:13,2
DA:14,2
DA:15,2
DA:16,2
DA:17,2
DA:18,2
DA:20,2
LF:11
LH:11
BRDA:11,0,0,2
BRF:1
BRH:1
end_of_record
TN:
SF:src\app\ai\aguiClient.ts
FN:14,streamAgUiEvents
FN:60,createAgUiRunInput
FNF:2
FNH:2
FNDA:5,streamAgUiEvents
FNDA:8,createAgUiRunInput
DA:14,5
DA:15,5
DA:16,5
DA:17,5
DA:18,5
DA:19,5
DA:20,5
DA:21,5
DA:22,5
DA:23,5
DA:24,5
DA:26,5
DA:27,1
DA:28,1
DA:30,5
DA:31,5
DA:33,3
DA:34,3
DA:36,5
DA:37,6
DA:38,6
DA:40,3
DA:41,3
DA:42,6
DA:44,6
DA:45,27
DA:46,27
DA:47,14
DA:48,14
DA:49,14
DA:50,14
DA:51,14
DA:53,1
DA:54,14
DA:55,14
DA:56,27
DA:57,3
DA:58,5
DA:60,1
DA:61,8
DA:62,8
DA:63,8
DA:64,8
DA:65,8
DA:66,8
DA:67,8
DA:68,8
DA:69,8
DA:70,8
DA:71,8
LF:50
LH:50
BRDA:14,0,0,5
BRDA:24,1,0,4
BRDA:26,2,0,1
BRDA:28,3,0,3
BRDA:31,4,0,0
BRDA:31,5,0,3
BRDA:36,6,0,6
BRDA:38,7,0,3
BRDA:42,8,0,0
BRDA:44,9,0,27
BRDA:46,10,0,14
BRDA:50,11,0,13
BRDA:51,12,0,1
BRDA:56,13,0,3
BRDA:60,14,0,8
BRF:15
BRH:13
end_of_record
TN:
SF:src\app\ai\useHandlerActions.ts
FN:10,useHandlerActions
FN:22,handler
FN:34,handler
FNF:3
FNH:2
FNDA:10,useHandlerActions
FNDA:0,handler
FNDA:1,handler
DA:1,1
DA:2,1
DA:10,1
DA:11,10
DA:13,10
DA:14,10
DA:15,10
DA:16,10
DA:18,10
DA:19,10
DA:20,10
DA:21,10
DA:22,10
DA:23,0
DA:24,0
DA:25,10
DA:27,10
DA:28,10
DA:29,10
DA:30,10
DA:31,10
DA:32,10
DA:33,10
DA:34,10
DA:35,1
DA:36,1
DA:37,1
DA:38,1
DA:39,1
DA:40,10
DA:42,10
DA:43,2
DA:44,10
DA:46,10
DA:47,10
LF:35
LH:33
BRDA:10,0,0,10
BRDA:34,1,0,1
BRDA:38,2,0,0
BRDA:35,3,0,1
BRDA:36,4,0,1
BRDA:36,5,0,0
BRDA:42,6,0,2
BRF:7
BRH:5
end_of_record
TN:
SF:src\app\host\bridgeAdapter.ts
FN:27,createTauriBridge
FN:30,requestHandlersList
FN:34,getAppSettings
FN:38,saveAppSettings
FN:42,ping
FN:46,onHostMessage
FN:53,createWebView2Bridge
FN:57,requestHandlersList
FN:61,getAppSettings
FN:65,saveAppSettings
FN:69,ping
FN:73,onHostMessage
FN:74,listener
FN:87,detectBridgeType
FN:93,createBridge
FNF:15
FNH:15
FNDA:6,createTauriBridge
FNDA:1,requestHandlersList
FNDA:1,getAppSettings
FNDA:1,saveAppSettings
FNDA:1,ping
FNDA:1,onHostMessage
FNDA:9,createWebView2Bridge
FNDA:1,requestHandlersList
FNDA:1,getAppSettings
FNDA:1,saveAppSettings
FNDA:1,ping
FNDA:4,onHostMessage
FNDA:3,listener
FNDA:20,detectBridgeType
FNDA:16,createBridge
DA:27,6
DA:28,6
DA:29,6
DA:30,6
DA:31,1
DA:32,1
DA:33,1
DA:34,6
DA:35,1
DA:36,1
DA:37,1
DA:38,6
DA:39,1
DA:40,1
DA:41,1
DA:42,6
DA:43,1
DA:44,1
DA:45,1
DA:46,6
DA:47,1
DA:48,1
DA:49,1
DA:50,6
DA:51,6
DA:53,9
DA:54,9
DA:55,9
DA:56,9
DA:57,9
DA:58,1
DA:59,1
DA:60,1
DA:61,9
DA:62,1
DA:63,1
DA:64,1
DA:65,9
DA:66,1
DA:67,1
DA:68,1
DA:69,9
DA:70,1
DA:71,1
DA:72,1
DA:73,9
DA:74,4
DA:75,3
DA:76,3
DA:77,2
DA:78,2
DA:79,3
DA:80,3
DA:81,4
DA:82,4
DA:83,4
DA:84,9
DA:85,9
DA:87,1
DA:88,20
DA:89,20
DA:90,2
DA:91,2
DA:93,1
DA:94,16
DA:95,16
DA:96,16
DA:97,6
DA:98,16
DA:99,9
DA:100,16
DA:101,1
DA:102,16
DA:103,16
LF:74
LH:74
BRDA:27,0,0,6
BRDA:30,1,0,1
BRDA:34,2,0,1
BRDA:38,3,0,1
BRDA:42,4,0,1
BRDA:46,5,0,1
BRDA:53,6,0,9
BRDA:57,7,0,1
BRDA:61,8,0,1
BRDA:65,9,0,1
BRDA:69,10,0,1
BRDA:73,11,0,4
BRDA:74,12,0,3
BRDA:76,13,0,2
BRDA:77,14,0,1
BRDA:82,15,0,1
BRDA:87,16,0,20
BRDA:88,17,0,8
BRDA:88,18,0,12
BRDA:89,19,0,10
BRDA:89,20,0,10
BRDA:89,21,0,2
BRDA:93,22,0,16
BRDA:96,23,0,6
BRDA:98,24,0,9
BRDA:100,25,0,1
BRF:26
BRH:26
end_of_record
TN:
SF:src\app\host\tauriBridge.ts
FN:6,requestHandlersList
FN:10,getAppSettings
FN:14,saveAppSettings
FN:18,ping
FN:22,greet
FN:26,onHostMessage
FN:30,emitToHost
FNF:7
FNH:6
FNDA:2,requestHandlersList
FNDA:2,getAppSettings
FNDA:2,saveAppSettings
FNDA:2,ping
FNDA:1,greet
FNDA:2,onHostMessage
FNDA:0,emitToHost
DA:1,1
DA:2,1
DA:6,2
DA:7,2
DA:8,2
DA:10,2
DA:11,2
DA:12,2
DA:14,2
DA:15,2
DA:16,2
DA:18,2
DA:19,2
DA:20,2
DA:22,1
DA:23,1
DA:24,1
DA:26,1
DA:27,2
DA:28,2
DA:30,0
DA:31,0
DA:32,0
LF:23
LH:20
BRDA:6,0,0,2
BRDA:10,1,0,2
BRDA:14,2,0,2
BRDA:18,3,0,2
BRDA:22,4,0,1
BRDA:26,5,0,2
BRDA:27,6,0,2
BRF:7
BRH:7
end_of_record
